c:\users\breez\desktop\dbddebug\hackexternal\x64\release\vc143.pdb
c:\users\breez\desktop\dbddebug\hackexternal\x64\release\main.obj
c:\users\breez\desktop\dbddebug\hackexternal\x64\release\imgui_widgets.obj
c:\users\breez\desktop\dbddebug\hackexternal\x64\release\imgui_tables.obj
c:\users\breez\desktop\dbddebug\hackexternal\x64\release\imgui_impl_win32.obj
c:\users\breez\desktop\dbddebug\hackexternal\x64\release\imgui_impl_dx9.obj
c:\users\breez\desktop\dbddebug\hackexternal\x64\release\imgui_draw.obj
c:\users\breez\desktop\dbddebug\hackexternal\x64\release\imgui_demo.obj
c:\users\breez\desktop\dbddebug\hackexternal\x64\release\imgui.obj
c:\users\breez\desktop\dbddebug\hackexternal\x64\release\driver.obj
c:\users\breez\desktop\dbddebug\hackexternal\x64\release\custom_elements.obj
c:\users\breez\desktop\dbddebug\x64\release\dbd.exe
c:\users\breez\desktop\dbddebug\hackexternal\x64\release\dbd.ipdb
c:\users\breez\desktop\dbddebug\x64\release\dbd.pdb
c:\users\breez\desktop\dbddebug\hackexternal\x64\release\dbd.iobj
c:\users\breez\desktop\dbddebug\hackexternal\x64\release\dbd.tlog\cl.command.1.tlog
c:\users\breez\desktop\dbddebug\hackexternal\x64\release\dbd.tlog\cl.items.tlog
c:\users\breez\desktop\dbddebug\hackexternal\x64\release\dbd.tlog\cl.read.1.tlog
c:\users\breez\desktop\dbddebug\hackexternal\x64\release\dbd.tlog\cl.write.1.tlog
c:\users\breez\desktop\dbddebug\hackexternal\x64\release\dbd.tlog\link.command.1.tlog
c:\users\breez\desktop\dbddebug\hackexternal\x64\release\dbd.tlog\link.read.1.tlog
c:\users\breez\desktop\dbddebug\hackexternal\x64\release\dbd.tlog\link.write.1.tlog
